<?xml version="1.0" encoding="UTF-8"?>
<!-- Generated by org.testng.reporters.JUnitXMLReporter -->
<testsuite ignored="0" hostname="LAPTOP-24GL9J8M" failures="0" tests="4" name="Default test" time="41.153" errors="0" timestamp="2021-09-12T10:48:15 EDT">
  <testcase classname="DataDrivenTesting.LMS_API" name="post_programs" time="39.042"/>
  <testcase classname="DataDrivenTesting.LMS_API" name="post_programs" time="0.458"/>
  <testcase classname="DataDrivenTesting.LMS_API" name="post_programs" time="0.337"/>
  <testcase classname="DataDrivenTesting.LMS_API" name="post_programs" time="0.611"/>
</testsuite> <!-- Default test -->
