<?xml version="1.0" encoding="UTF-8"?>
<testng-results ignored="0" total="4" passed="4" failed="0" skipped="0">
  <reporter-output>
  </reporter-output>
  <suite started-at="2021-09-12T10:47:34 EDT" name="Default suite" finished-at="2021-09-12T10:48:15 EDT" duration-ms="41153">
    <groups>
    </groups>
    <test started-at="2021-09-12T10:47:34 EDT" name="Default test" finished-at="2021-09-12T10:48:15 EDT" duration-ms="41153">
      <class name="DataDrivenTesting.LMS_API">
        <test-method signature="post_programs(java.lang.String,java.lang.String)[pri:0, instance:DataDrivenTesting.LMS_API@7b84fcf8]" started-at="2021-09-12T10:47:34 EDT" name="post_programs" data-provider="progdata" finished-at="2021-09-12T10:48:14 EDT" duration-ms="39042" status="PASS">
          <params>
            <param index="0">
              <value>
                <![CDATA[SDET102]]>
              </value>
            </param>
            <param index="1">
              <value>
                <![CDATA[Software Development in Test]]>
              </value>
            </param>
          </params>
          <reporter-output>
          </reporter-output>
        </test-method> <!-- post_programs -->
        <test-method signature="post_programs(java.lang.String,java.lang.String)[pri:0, instance:DataDrivenTesting.LMS_API@7b84fcf8]" started-at="2021-09-12T10:48:14 EDT" name="post_programs" data-provider="progdata" finished-at="2021-09-12T10:48:14 EDT" duration-ms="458" status="PASS">
          <params>
            <param index="0">
              <value>
                <![CDATA[DS102]]>
              </value>
            </param>
            <param index="1">
              <value>
                <![CDATA[Data Science]]>
              </value>
            </param>
          </params>
          <reporter-output>
          </reporter-output>
        </test-method> <!-- post_programs -->
        <test-method signature="post_programs(java.lang.String,java.lang.String)[pri:0, instance:DataDrivenTesting.LMS_API@7b84fcf8]" started-at="2021-09-12T10:48:14 EDT" name="post_programs" data-provider="progdata" finished-at="2021-09-12T10:48:14 EDT" duration-ms="337" status="PASS">
          <params>
            <param index="0">
              <value>
                <![CDATA[SDET202]]>
              </value>
            </param>
            <param index="1">
              <value>
                <![CDATA[Software Development in Test]]>
              </value>
            </param>
          </params>
          <reporter-output>
          </reporter-output>
        </test-method> <!-- post_programs -->
        <test-method signature="post_programs(java.lang.String,java.lang.String)[pri:0, instance:DataDrivenTesting.LMS_API@7b84fcf8]" started-at="2021-09-12T10:48:14 EDT" name="post_programs" data-provider="progdata" finished-at="2021-09-12T10:48:15 EDT" duration-ms="611" status="PASS">
          <params>
            <param index="0">
              <value>
                <![CDATA[DS202]]>
              </value>
            </param>
            <param index="1">
              <value>
                <![CDATA[Data Science]]>
              </value>
            </param>
          </params>
          <reporter-output>
          </reporter-output>
        </test-method> <!-- post_programs -->
      </class> <!-- DataDrivenTesting.LMS_API -->
    </test> <!-- Default test -->
  </suite> <!-- Default suite -->
</testng-results>
